opened chart.ini

build date = Mon Jun 18 23:50:26 2007


application = CHARTS
com port = COM1
baud rate = 38400

DISPLAY MODES SUPPORTED:

       width  height  depth  frequency

  1    640    480      8     60
  2    640    480      8     75
  3    640    480     16     60
  4    640    480     16     75
  5    640    480     32     60
  6    640    480     32     75
  7    720    480      8     60
  8    720    480      8     60
  9    720    480      8     60
 10    720    480      8     75
 11    720    480      8     75
 12    720    480      8     75
 13    720    480     16     60
 14    720    480     16     60
 15    720    480     16     60
 16    720    480     16     75
 17    720    480     16     75
 18    720    480     16     75
 19    720    480     32     60
 20    720    480     32     60
 21    720    480     32     60
 22    720    480     32     75
 23    720    480     32     75
 24    720    480     32     75
 25    720    576      8     60
 26    720    576      8     60
 27    720    576      8     60
 28    720    576      8     75
 29    720    576      8     75
 30    720    576      8     75
 31    720    576     16     60
 32    720    576     16     60
 33    720    576     16     60
 34    720    576     16     75
 35    720    576     16     75
 36    720    576     16     75
 37    720    576     32     60
 38    720    576     32     60
 39    720    576     32     60
 40    720    576     32     75
 41    720    576     32     75
 42    720    576     32     75
 43    800    600      8     60
 44    800    600      8     75
 45    800    600     16     60
 46    800    600     16     75
 47    800    600     32     60
 48    800    600     32     75
 49   1024    768      8     60
 50   1024    768      8     75
 51   1024    768     16     60
 52   1024    768     16     75
 53   1024    768     32     60
 54   1024    768     32     75
 55   1152    864      8     60
 56   1152    864      8     60
 57   1152    864      8     60
 58   1152    864      8     75
 59   1152    864     16     60
 60   1152    864     16     60
 61   1152    864     16     60
 62   1152    864     16     75
 63   1152    864     32     60
 64   1152    864     32     60
 65   1152    864     32     60
 66   1152    864     32     75
 67   1280    720      8     60
 68   1280    720      8     60
 69   1280    720      8     60
 70   1280    720      8     59
 71   1280    720      8     75
 72   1280    720      8     75
 73   1280    720      8     75
 74   1280    720     16     60
 75   1280    720     16     60
 76   1280    720     16     60
 77   1280    720     16     59
 78   1280    720     16     75
 79   1280    720     16     75
 80   1280    720     16     75
 81   1280    720     32     60
 82   1280    720     32     60
 83   1280    720     32     60
 84   1280    720     32     59
 85   1280    720     32     75
 86   1280    720     32     75
 87   1280    720     32     75
 88   1280    768      8     60
 89   1280    768      8     60
 90   1280    768      8     60
 91   1280    768      8     75
 92   1280    768      8     75
 93   1280    768      8     75
 94   1280    768     16     60
 95   1280    768     16     60
 96   1280    768     16     60
 97   1280    768     16     75
 98   1280    768     16     75
 99   1280    768     16     75
100   1280    768     32     60
101   1280    768     32     60
102   1280    768     32     60
103   1280    768     32     75
104   1280    768     32     75
105   1280    768     32     75
106   1280    960      8     60
107   1280    960      8     60
108   1280    960      8     60
109   1280    960      8     75
110   1280    960      8     75
111   1280    960      8     75
112   1280    960     16     60
113   1280    960     16     60
114   1280    960     16     60
115   1280    960     16     75
116   1280    960     16     75
117   1280    960     16     75
118   1280    960     32     60
119   1280    960     32     60
120   1280    960     32     60
121   1280    960     32     75
122   1280    960     32     75
123   1280    960     32     75
124   1280   1024      8     60
125   1280   1024      8     75
126   1280   1024     16     60
127   1280   1024     16     75
128   1280   1024     32     60
129   1280   1024     32     75
130   1600    900      8     60
131   1600    900     16     60
132   1600    900     32     60
133   1680   1050      8     60
134   1680   1050      8     60
135   1680   1050      8     60
136   1680   1050     16     60
137   1680   1050     16     60
138   1680   1050     16     60
139   1680   1050     32     60
140   1680   1050     32     60
141   1680   1050     32     60
142   1920   1080      8     60
143   1920   1080     16     60
144   1920   1080     32     60

running DirectDraw version 7.00
running Windows NT 6.1

comm ports listed in registry:
COM3
COM1
COM27
COM24
COM28
COM30
COM26
COM20
COM29
COM25

drive A:\
   the root directory does not exist
drive B:\
   the root directory does not exist
drive C:\
   The disk cannot be removed from the drive
drive D:\
   The disk cannot be removed from the drive
drive E:\
   The drive is a CD-ROM drive

processor = pentium
NUMBER OF PROCESSORS = 8
bus = isa
total system memory = 4294967295

init finished
EXCEPTION_ACCESS_VIOLATION at 428415
